<?xml version="1.0" encoding="UTF-8"?>
<!-- Generated by org.testng.reporters.JUnitReportReporter -->
<testsuite hostname="MSI" failures="0" tests="1" name="Global_Logic.GSConsulting.DelayedResponseTest" time="8.377" errors="0" timestamp="2024-07-24T21:34:27 IST" skipped="0">
  <testcase classname="Global_Logic.GSConsulting.DelayedResponseTest" name="testDelayedResponse" time="8.377"/>
  <system-out/>
</testsuite> <!-- Global_Logic.GSConsulting.DelayedResponseTest -->
